<?xml version="1.0" encoding="UTF-8"?>
<testng-results skipped="0" failed="0" ignored="0" total="1" passed="1">
  <reporter-output>
  </reporter-output>
  <suite name="Default Suite" duration-ms="7016" started-at="2022-02-21T21:05:20Z" finished-at="2022-02-21T21:05:27Z">
    <groups>
    </groups>
    <test name="QAConsultants" duration-ms="7016" started-at="2022-02-21T21:05:20Z" finished-at="2022-02-21T21:05:27Z">
      <class name="tests.WebScenario">
        <test-method status="PASS" signature="setup()[pri:0, instance:tests.WebScenario@6b71769e]" name="setup" is-config="true" duration-ms="3770" started-at="2022-02-21T21:05:20Z" finished-at="2022-02-21T21:05:24Z">
          <reporter-output>
          </reporter-output>
        </test-method> <!-- setup -->
        <test-method status="PASS" signature="validateTablesAreSame()[pri:1, instance:tests.WebScenario@6b71769e]" name="validateTablesAreSame" duration-ms="3028" started-at="2022-02-21T21:05:24Z" finished-at="2022-02-21T21:05:27Z">
          <reporter-output>
          </reporter-output>
        </test-method> <!-- validateTablesAreSame -->
        <test-method status="PASS" signature="closeSession()[pri:0, instance:tests.WebScenario@6b71769e]" name="closeSession" is-config="true" duration-ms="148" started-at="2022-02-21T21:05:27Z" finished-at="2022-02-21T21:05:27Z">
          <reporter-output>
          </reporter-output>
        </test-method> <!-- closeSession -->
      </class> <!-- tests.WebScenario -->
    </test> <!-- QAConsultants -->
  </suite> <!-- Default Suite -->
</testng-results>
